<?xml version="1.0" encoding="UTF-8"?>
<!-- Generated by org.testng.reporters.JUnitXMLReporter -->
<testsuite ignored="4" hostname="DESKTOP-M5HH8P2" failures="0" tests="3" name="Test" time="41.626" errors="0" timestamp="2026-02-08T20:49:09 IST">
  <testcase classname="com.tricentis.testscript.CartModule" name="AddToCart" time="4.748"/>
  <testcase classname="com.tricentis.testscript.UpdateWishList" name="updateWshLst" time="20.138"/>
  <testcase classname="com.tricentis.testscript.ContactUsModule" name="contactUs" time="4.861"/>
  <testcase classname="com.tricentis.generic.BaseClass" name="@AfterTest closeBrowser" time="0.0">
    <ignored/>
  </testcase> <!-- @AfterTest closeBrowser -->
  <testcase classname="com.tricentis.generic.BaseClass" name="@BeforeTest openBrowser" time="0.0">
    <ignored/>
  </testcase> <!-- @BeforeTest openBrowser -->
  <testcase classname="com.tricentis.generic.BaseClass" name="@BeforeTest openBrowser" time="0.0">
    <ignored/>
  </testcase> <!-- @BeforeTest openBrowser -->
  <testcase classname="com.tricentis.generic.BaseClass" name="@AfterTest closeBrowser" time="0.0">
    <ignored/>
  </testcase> <!-- @AfterTest closeBrowser -->
</testsuite> <!-- Test -->
