<?xml version="1.0" encoding="UTF-8"?>
<!-- Generated by org.testng.reporters.JUnitReportReporter -->
<testsuite hostname="DESKTOP-M5HH8P2" failures="0" tests="1" name="com.tricentis.testscript.ContactUsModule" time="8.805" errors="0" timestamp="2026-02-09T11:46:14 IST" skipped="0">
  <testcase classname="com.tricentis.testscript.ContactUsModule" name="contactUs" time="8.805">
    <system-out>
      <![CDATA[Your enquiry has been successfully sent to the store owner.
contactUs has be passed]]>
    </system-out>
  </testcase> <!-- contactUs -->
  <system-out>
    <![CDATA[Your enquiry has been successfully sent to the store owner.
contactUs has be passed
  The product has been added to your shopping cart
AddToCart has be passed
The product has been added to your wishlist
The product has been added to your wishlist
updateWshLst has be passed]]>
  </system-out>
</testsuite> <!-- com.tricentis.testscript.ContactUsModule -->
